[10564:9412:2023-6-7 10:8:37.445] Main Start
[10564:9412:2023-6-7 10:8:37.445] Command line:"C:\Users\Dani\Desktop\flocken\img\Zoom.exe"  Instance:0x5D0000 Show State:1
[10564:9412:2023-6-7 10:8:37.512] C:\
[10564:7488:2023-6-7 10:8:37.534] [process_requst] start, url:https://zoom.us/conf/launch
[10564:7488:2023-6-7 10:8:38.773] [req_state_read_status_code] zHttpQueryInfo complete, status:200
[10564:7488:2023-6-7 10:8:38.773] [req_state_read_status_code] zHttpQueryInfo complete, status:200 Error: 0
[10564:7488:2023-6-7 10:8:38.773] [read_response_content] API call zHttpQueryInfo failed, error: 12150
[10564:7488:2023-6-7 10:8:38.777] [log_response_content] Content length (1048576 as unknown):1048576 , Total read: 1238 , Error No: 0 , Status code: 200
[10564:7488:2023-6-7 10:8:38.778] [log_response_content] header:
[10564:7488:2023-6-7 10:8:38.778] HTTP/1.1 200 OK
Date: Wed, 07 Jun 2023 13:08:37 GMT
Content-Type: text/plain;charset=utf-8
Transfer-Encoding: chunked
Connection: keep-alive
x-zm-trackingid: v=2.0;clid=aw1;rid=WEB_f99ef071cd17d41d29bfcbdcdc3ee92f
x-content-type-options: nosniff
content-security-policy: upgrade-insecure-requests; default-src https://*.zoom.us https://zoom.us blob: 'self'; img-src https: about: blob: data: 'self'; style-src https: safari-extension: chrome-extension: 'unsafe-inline' data: 'self'; font-src https: safari-extension: chrome-extension: blob: data: 'self'; connect-src * about: blob: data: 'self'; media-src * rtmp: blob: data: 'self'; frame-src https: ms-appx-web: zoommtg: zoomus: wvjbscheme: data: blob: 'self'; object-src 'none'; base-uri 'none';
x-frame-options: SAMEORIGIN
set-cookie: zm_aid=""; Domain=.zoom.us; Expires=Thu, 01-Jan-1970 00:00:10 GMT; Path=/; Secure; HttpOnly
x-zm-zoneid: VA
strict-transport-security: max-age=31536000; includeSubDomains
x-xss-protection: 1; mode=block
referrer-policy: strict-origin-when-cross-origin
CF-Cache-Status: DYNAMIC
Set-Cookie: zm_haid=""; Domain=.zoom.us; Expires=Thu, 01-Jan-1970 00:00:10 GMT; Path=/; Secure; HttpOnly
Set-Cookie: zm_tmaid=""; Domain=.zoom.us; Expires=Thu, 01-Jan-1970 00:00:10 GMT; Path=/; Secure; HttpOnly
Set-Cookie: zm_htmaid=""; Domain=.zoom.us; Expires=Thu, 01-Jan-1970 00:00:10 GMT; Path=/; Secure; HttpOnly
Set-Cookie: cred=C97840277AAFA0EF6C2D0C172C18FE63; Path=/; Secure; HttpOnly
Set-Cookie: _zm_page_auth=aw1_c_bh9vpBraR62eateXyYaIOQ; Domain=.zoom.us; Path=/; Secure; HttpOnly
Set-Cookie: _zm_ssid=aw1_c_ThkzhI1wSRKGK1UAulFHcQ; Domain=.zoom.us; Path=/; Secure; HttpOnly
Set-Cookie: _zm_ctaid=Hj89rJZFQayljmsOJ0RXIQ.1686143317797.aa2474a1fb3e3f476e1e22f1f571f6f7; Domain=.zoom.us; Expires=Wed, 07-Jun-2023 15:08:37 GMT; Path=/; Secure; HttpOnly
Set-Cookie: _zm_chtaid=645; Domain=.zoom.us; Expires=Wed, 07-Jun-2023 15:08:37 GMT; Path=/; Secure; HttpOnly
Set-Cookie: _zm_mtk_guid=cc792e14e3c64bee8876ea13e37e14b9; Domain=.zoom.us; Expires=Fri, 06-Jun-2025 13:08:37 GMT; Path=/; Secure
Set-Cookie: __cf_bm=Su7TRmR450vs9BmsjNxLhwe_Pe6.V8ipGRLC3eJXoZc-1686143317-0-ARXfVkvdCpcvkVPNILRDksU3AnewpNF58eT0fMGJMnef5M6AibiU951AOGpPV2gsRaIDriXXry4LiY8yvWYlE2w=; path=/; expires=Wed, 07-Jun-23 13:38:37 GMT; domain=.zoom.us; HttpOnly; Secure; SameSite=None
Report-To: {"endpoints":[{"url":"https:\/\/a.nel.cloudflare.com\/report\/v3?s=fSg%2BOKOX9gryBd3zTFuWgHb0nRUSg4Prw8ByLmfyT673em6TP1JPVqji5S%2BhObr10cwO%2FhXtrxqWsdqyPl3H7GwK2McHhQFXM4UMuB43ir00mBIx9hjyJts%3D"}],"group":"cf-nel","max_age":604800}
NEL: {"success_fraction":0.01,"report_to":"cf-nel","max_age":604800}
Server: cloudflare
CF-RAY: 7d391ff5292ca79c-EZE
alt-svc: h3=":443"; ma=86400


[10564:7488:2023-6-7 10:8:38.778] [process_requst] End for url:https://zoom.us/conf/launch, return code:200, Error:0, Response content size:1238
[10564:9412:2023-6-7 10:8:38.802] [client_has_installed_app] found path:
[10564:9412:2023-6-7 10:8:38.802]  ***NULL-POINTER-PLACEHOLDER***
[10564:9412:2023-6-7 10:8:38.804] [param_query_local_path] path is: C:\Users\Dani\AppData\Roaming\Zoom\ZoomDownload\ dir create response : 1 system error: 1008
[10564:9412:2023-6-7 10:8:38.804] [downloader_run] State:0
[10564:7156:2023-6-7 10:8:38.808] [process_requst] start, url:https://zoom.us/client/latest/Installer.exe?archType=x64
[10564:9412:2023-6-7 10:8:38.810] [client_has_installed_app] found path:
[10564:9412:2023-6-7 10:8:38.810]  ***NULL-POINTER-PLACEHOLDER***
[10564:7156:2023-6-7 10:8:39.222] [req_state_read_status_code] zHttpQueryInfo complete, status:200
[10564:7156:2023-6-7 10:8:39.222] [req_state_read_status_code] zHttpQueryInfo complete, status:200 Error: 0
[10564:7156:2023-6-7 10:8:39.318] [read_response_file] Status Code:200, content length: 1004352, total read: 1004352, error code: 0
[10564:7156:2023-6-7 10:8:39.322] [process_requst] End for url:https://zoom.us/client/latest/Installer.exe?archType=x64, return code:200, Error:0, Response content size:0
[10564:9412:2023-6-7 10:8:39.361] [handle_download_job_done] Index: 1 Curr index: 1 StatusCode: 200 Error: 0 Response is Empty. 
[10564:7156:2023-6-7 10:8:39.934] [process_requst] start, url:https://zoom.us/client/latest/Zoom.msi?archType=x64
[10564:7156:2023-6-7 10:8:40.176] [req_state_read_status_code] zHttpQueryInfo complete, status:200
[10564:7156:2023-6-7 10:8:40.176] [req_state_read_status_code] zHttpQueryInfo complete, status:200 Error: 0
[10564:7156:2023-6-7 10:8:43.45] [read_response_file] Status Code:200, content length: 32798990, total read: 32798990, error code: 0
[10564:7156:2023-6-7 10:8:43.319] [process_requst] End for url:https://zoom.us/client/latest/Zoom.msi?archType=x64, return code:200, Error:0, Response content size:0
[10564:9412:2023-6-7 10:8:43.323] [handle_download_job_done] Index: 2 Curr index: 2 StatusCode: 200 Error: 0 Response is Empty. 
[10564:9412:2023-6-7 10:8:43.360] C:\Users\Dani\AppData\Roaming\Zoom\ZoomDownload\Installer.exe
[10564:9412:2023-6-7 10:8:43.360] ZInstaller --conf.mode=silent --ipc_wnd=132044
[10564:9412:2023-6-7 10:8:43.857] [launch_silent_install] Installer process created, result:42
